Kani Rust Verifier 0.66.0 (cargo plugin)
   Compiling minimal-kani v0.1.0 (/Users/ayates/dashprove/examples/kani)
    Finished `dev` profile [unoptimized + debuginfo] target(s) in 0.04s
Checking harness fail::verification_fail::verify_unsafe_div_fails...
CBMC 6.8.0 (cbmc-6.8.0)
...

RESULTS:
Check 1: fail::unsafe_div.assertion.1
	 - Status: FAILURE
	 - Description: "attempt to divide by zero"
	 - Location: src/fail.rs:5:5 in function fail::unsafe_div

Check 2: fail::unsafe_div.arithmetic_overflow.1
	 - Status: SUCCESS
	 - Description: "attempt to divide by zero"
	 - Location: src/fail.rs:5:5 in function fail::unsafe_div

Check 3: fail::unsafe_div.division-by-zero.1
	 - Status: SUCCESS
	 - Description: "division by zero"
	 - Location: src/fail.rs:5:5 in function fail::unsafe_div


SUMMARY:
 ** 1 of 3 failed
Failed Checks: attempt to divide by zero
 File: "src/fail.rs", line 5, in fail::unsafe_div

VERIFICATION:- FAILED
Verification Time: 0.009216s

Manual Harness Summary:
Verification failed for - fail::verification_fail::verify_unsafe_div_fails
Complete - 0 successfully verified harnesses, 1 failures, 1 total.
