
*** crates/lean5-kernel/src/tc.rs:986:52: replace > with == in TypeChecker<'env>::infer_proj_type

*** mutation diff:
--- crates/lean5-kernel/src/tc.rs
+++ replace > with == in TypeChecker<'env>::infer_proj_type
@@ -978,17 +978,17 @@
 
         // 5. Get the field type from the constructor
         // The constructor type is: (params...) → (fields...) → Ind params...
         // We need to skip num_params pis and then get the idx-th pi domain
         let ctor_type = &ctor_val.type_;
 
         // Instantiate parameters with the type arguments
         let num_params = ctor_val.num_params as usize;
-        let instantiated_ctor_type = if num_params > 0 && type_args.len() >= num_params {
+        let instantiated_ctor_type = if num_params == /* ~ changed by cargo-mutants ~ */ 0 && type_args.len() >= num_params {
             let param_args: Vec<Expr> = type_args[..num_params].iter().map(|e| (*e).clone()).collect();
             self.instantiate_params(ctor_type, &param_args)
         } else {
             ctor_type.clone()
         };
 
         // Navigate to the idx-th field
         let mut current_type = instantiated_ctor_type;


*** /Users/ayates/.rustup/toolchains/stable-aarch64-apple-darwin/bin/cargo test --no-run --verbose --package=lean5-kernel@0.1.0
       Fresh unicode-ident v1.0.22
       Fresh cfg-if v1.0.4
       Fresh find-msvc-tools v0.1.6
       Fresh shlex v1.3.0
       Fresh once_cell v1.21.3
       Fresh pkg-config v0.3.32
       Fresh either v1.15.0
       Fresh libc v0.2.178
       Fresh version_check v0.9.5
       Fresh autocfg v1.5.0
       Fresh memchr v2.7.6
       Fresh itoa v1.0.17
       Fresh proc-macro2 v1.0.104
       Fresh jobserver v0.1.34
       Fresh serde_core v1.0.228
       Fresh crossbeam-utils v0.8.21
       Fresh getrandom v0.3.4
       Fresh zmij v1.0.3
       Fresh errno v0.3.14
       Fresh bitflags v2.10.0
       Fresh allocator-api2 v0.2.21
       Fresh twox-hash v2.1.2
       Fresh regex-syntax v0.8.8
       Fresh clap_lex v0.7.6
       Fresh quote v1.0.42
       Fresh cc v1.2.51
       Fresh crossbeam-epoch v0.9.18
       Fresh serde_json v1.0.148
       Fresh rand_core v0.9.3
       Fresh lz4_flex v0.11.5
       Fresh ciborium-io v0.2.2
       Fresh anstyle v1.0.13
       Fresh plotters-backend v0.3.7
       Fresh fastrand v2.3.0
       Fresh regex-automata v0.4.13
       Fresh wait-timeout v0.2.1
       Fresh itertools v0.10.5
       Fresh cast v0.3.0
       Fresh syn v2.0.111
       Fresh crossbeam-deque v0.8.6
       Fresh num-traits v0.2.19
       Fresh rustix v1.1.3
       Fresh plotters-svg v0.3.7
       Fresh clap_builder v4.5.53
       Fresh bit-vec v0.8.0
       Fresh same-file v1.0.6
       Fresh fnv v1.0.7
       Fresh quick-error v1.2.3
       Fresh criterion-plot v0.5.0
       Fresh rand v0.9.2
       Fresh rand_xorshift v0.4.0
       Fresh regex v1.12.2
       Fresh is-terminal v0.4.17
       Fresh zerocopy-derive v0.8.31
       Fresh serde_derive v1.0.228
       Fresh rayon-core v1.13.0
       Fresh thiserror-impl v1.0.69
       Fresh tempfile v3.24.0
       Fresh walkdir v2.5.0
       Fresh clap v4.5.53
       Fresh bit-set v0.8.0
       Fresh plotters v0.3.7
       Fresh anes v0.1.6
       Fresh unarray v0.1.4
       Fresh oorandom v11.1.5
       Fresh zerocopy v0.8.31
       Fresh serde v1.0.228
       Fresh zstd-sys v2.0.16+zstd.1.5.7
       Fresh thiserror v1.0.69
       Fresh rayon v1.11.0
       Fresh rusty-fork v0.3.1
       Fresh anyhow v1.0.100
       Fresh zstd-safe v7.2.4
       Fresh ahash v0.8.12
       Fresh half v2.7.1
       Fresh bincode v1.3.3
       Fresh ppv-lite86 v0.2.21
       Fresh lean5-parser v0.1.0 (/private/var/folders/0v/9ml26r1x37b2fvp_f141yx6r0000gn/T/cargo-mutants-lean5-rRdLUQ.tmp/crates/lean5-parser)
       Fresh tinytemplate v1.2.1
       Fresh hashbrown v0.14.5
       Fresh zstd v0.13.3
       Fresh ciborium-ll v0.2.2
       Fresh rand_chacha v0.9.0
       Dirty lean5-kernel v0.1.0 (/private/var/folders/0v/9ml26r1x37b2fvp_f141yx6r0000gn/T/cargo-mutants-lean5-rRdLUQ.tmp/crates/lean5-kernel): the file `crates/lean5-kernel/src/tc.rs` has changed (1767263038.812591488s, 5s after last build at 1767263033.455576301s)
   Compiling lean5-kernel v0.1.0 (/private/var/folders/0v/9ml26r1x37b2fvp_f141yx6r0000gn/T/cargo-mutants-lean5-rRdLUQ.tmp/crates/lean5-kernel)
       Fresh ciborium v0.2.2
       Fresh proptest v1.9.0
       Fresh criterion v0.5.1
     Running `/Users/ayates/.rustup/toolchains/stable-aarch64-apple-darwin/bin/rustc --crate-name lean5_kernel --edition=2021 crates/lean5-kernel/src/lib.rs --error-format=json --json=diagnostic-rendered-ansi,artifacts,future-incompat --crate-type lib --emit=dep-info,metadata,link -C embed-bitcode=no -C debuginfo=2 -C split-debuginfo=unpacked --check-cfg 'cfg(docsrs,test)' --check-cfg 'cfg(feature, values())' -C metadata=c85b8b0c802db96a -C extra-filename=-308b793a9268fb2f --out-dir /private/var/folders/0v/9ml26r1x37b2fvp_f141yx6r0000gn/T/cargo-mutants-lean5-rRdLUQ.tmp/target/debug/deps -C incremental=/private/var/folders/0v/9ml26r1x37b2fvp_f141yx6r0000gn/T/cargo-mutants-lean5-rRdLUQ.tmp/target/debug/incremental -L dependency=/private/var/folders/0v/9ml26r1x37b2fvp_f141yx6r0000gn/T/cargo-mutants-lean5-rRdLUQ.tmp/target/debug/deps --extern bincode=/private/var/folders/0v/9ml26r1x37b2fvp_f141yx6r0000gn/T/cargo-mutants-lean5-rRdLUQ.tmp/target/debug/deps/libbincode-812bb678a424da8c.rmeta --extern hashbrown=/private/var/folders/0v/9ml26r1x37b2fvp_f141yx6r0000gn/T/cargo-mutants-lean5-rRdLUQ.tmp/target/debug/deps/libhashbrown-a7764868b48ea623.rmeta --extern lz4_flex=/private/var/folders/0v/9ml26r1x37b2fvp_f141yx6r0000gn/T/cargo-mutants-lean5-rRdLUQ.tmp/target/debug/deps/liblz4_flex-7c7695ddfd9f0d01.rmeta --extern rayon=/private/var/folders/0v/9ml26r1x37b2fvp_f141yx6r0000gn/T/cargo-mutants-lean5-rRdLUQ.tmp/target/debug/deps/librayon-d88010504804cd37.rmeta --extern serde=/private/var/folders/0v/9ml26r1x37b2fvp_f141yx6r0000gn/T/cargo-mutants-lean5-rRdLUQ.tmp/target/debug/deps/libserde-61b388f84ce21321.rmeta --extern serde_json=/private/var/folders/0v/9ml26r1x37b2fvp_f141yx6r0000gn/T/cargo-mutants-lean5-rRdLUQ.tmp/target/debug/deps/libserde_json-b008b67d309061be.rmeta --extern thiserror=/private/var/folders/0v/9ml26r1x37b2fvp_f141yx6r0000gn/T/cargo-mutants-lean5-rRdLUQ.tmp/target/debug/deps/libthiserror-0e6524570d1ef696.rmeta --extern zstd=/private/var/folders/0v/9ml26r1x37b2fvp_f141yx6r0000gn/T/cargo-mutants-lean5-rRdLUQ.tmp/target/debug/deps/libzstd-98dd5d8dbaafbba6.rmeta -L native=/private/var/folders/0v/9ml26r1x37b2fvp_f141yx6r0000gn/T/cargo-mutants-lean5-rRdLUQ.tmp/target/debug/build/zstd-sys-a57129c45cb76101/out`
       Dirty lean5-auto v0.1.0 (/private/var/folders/0v/9ml26r1x37b2fvp_f141yx6r0000gn/T/cargo-mutants-lean5-rRdLUQ.tmp/crates/lean5-auto): the dependency lean5_kernel was rebuilt
   Compiling lean5-auto v0.1.0 (/private/var/folders/0v/9ml26r1x37b2fvp_f141yx6r0000gn/T/cargo-mutants-lean5-rRdLUQ.tmp/crates/lean5-auto)
     Running `/Users/ayates/.rustup/toolchains/stable-aarch64-apple-darwin/bin/rustc --crate-name lean5_auto --edition=2021 crates/lean5-auto/src/lib.rs --error-format=json --json=diagnostic-rendered-ansi,artifacts,future-incompat --crate-type lib --emit=dep-info,metadata,link -C embed-bitcode=no -C debuginfo=2 -C split-debuginfo=unpacked --check-cfg 'cfg(docsrs,test)' --check-cfg 'cfg(feature, values())' -C metadata=7fdcb0c8127941dc -C extra-filename=-e20a6990c7f2f868 --out-dir /private/var/folders/0v/9ml26r1x37b2fvp_f141yx6r0000gn/T/cargo-mutants-lean5-rRdLUQ.tmp/target/debug/deps -C incremental=/private/var/folders/0v/9ml26r1x37b2fvp_f141yx6r0000gn/T/cargo-mutants-lean5-rRdLUQ.tmp/target/debug/incremental -L dependency=/private/var/folders/0v/9ml26r1x37b2fvp_f141yx6r0000gn/T/cargo-mutants-lean5-rRdLUQ.tmp/target/debug/deps --extern hashbrown=/private/var/folders/0v/9ml26r1x37b2fvp_f141yx6r0000gn/T/cargo-mutants-lean5-rRdLUQ.tmp/target/debug/deps/libhashbrown-a7764868b48ea623.rmeta --extern lean5_kernel=/private/var/folders/0v/9ml26r1x37b2fvp_f141yx6r0000gn/T/cargo-mutants-lean5-rRdLUQ.tmp/target/debug/deps/liblean5_kernel-308b793a9268fb2f.rmeta --extern thiserror=/private/var/folders/0v/9ml26r1x37b2fvp_f141yx6r0000gn/T/cargo-mutants-lean5-rRdLUQ.tmp/target/debug/deps/libthiserror-0e6524570d1ef696.rmeta -L native=/private/var/folders/0v/9ml26r1x37b2fvp_f141yx6r0000gn/T/cargo-mutants-lean5-rRdLUQ.tmp/target/debug/build/zstd-sys-a57129c45cb76101/out`
       Dirty lean5-elab v0.1.0 (/private/var/folders/0v/9ml26r1x37b2fvp_f141yx6r0000gn/T/cargo-mutants-lean5-rRdLUQ.tmp/crates/lean5-elab): the dependency lean5_kernel was rebuilt
   Compiling lean5-elab v0.1.0 (/private/var/folders/0v/9ml26r1x37b2fvp_f141yx6r0000gn/T/cargo-mutants-lean5-rRdLUQ.tmp/crates/lean5-elab)
     Running `/Users/ayates/.rustup/toolchains/stable-aarch64-apple-darwin/bin/rustc --crate-name lean5_elab --edition=2021 crates/lean5-elab/src/lib.rs --error-format=json --json=diagnostic-rendered-ansi,artifacts,future-incompat --crate-type lib --emit=dep-info,metadata,link -C embed-bitcode=no -C debuginfo=2 -C split-debuginfo=unpacked --check-cfg 'cfg(docsrs,test)' --check-cfg 'cfg(feature, values())' -C metadata=253799e86c638da0 -C extra-filename=-0fc5e986a858c11a --out-dir /private/var/folders/0v/9ml26r1x37b2fvp_f141yx6r0000gn/T/cargo-mutants-lean5-rRdLUQ.tmp/target/debug/deps -C incremental=/private/var/folders/0v/9ml26r1x37b2fvp_f141yx6r0000gn/T/cargo-mutants-lean5-rRdLUQ.tmp/target/debug/incremental -L dependency=/private/var/folders/0v/9ml26r1x37b2fvp_f141yx6r0000gn/T/cargo-mutants-lean5-rRdLUQ.tmp/target/debug/deps --extern hashbrown=/private/var/folders/0v/9ml26r1x37b2fvp_f141yx6r0000gn/T/cargo-mutants-lean5-rRdLUQ.tmp/target/debug/deps/libhashbrown-a7764868b48ea623.rmeta --extern lean5_auto=/private/var/folders/0v/9ml26r1x37b2fvp_f141yx6r0000gn/T/cargo-mutants-lean5-rRdLUQ.tmp/target/debug/deps/liblean5_auto-e20a6990c7f2f868.rmeta --extern lean5_kernel=/private/var/folders/0v/9ml26r1x37b2fvp_f141yx6r0000gn/T/cargo-mutants-lean5-rRdLUQ.tmp/target/debug/deps/liblean5_kernel-308b793a9268fb2f.rmeta --extern lean5_parser=/private/var/folders/0v/9ml26r1x37b2fvp_f141yx6r0000gn/T/cargo-mutants-lean5-rRdLUQ.tmp/target/debug/deps/liblean5_parser-1f7155842213c600.rmeta --extern thiserror=/private/var/folders/0v/9ml26r1x37b2fvp_f141yx6r0000gn/T/cargo-mutants-lean5-rRdLUQ.tmp/target/debug/deps/libthiserror-0e6524570d1ef696.rmeta -L native=/private/var/folders/0v/9ml26r1x37b2fvp_f141yx6r0000gn/T/cargo-mutants-lean5-rRdLUQ.tmp/target/debug/build/zstd-sys-a57129c45cb76101/out`
     Running `/Users/ayates/.rustup/toolchains/stable-aarch64-apple-darwin/bin/rustc --crate-name differential --edition=2021 crates/lean5-kernel/tests/differential.rs --error-format=json --json=diagnostic-rendered-ansi,artifacts,future-incompat --emit=dep-info,link -C embed-bitcode=no -C debuginfo=2 -C split-debuginfo=unpacked --test --check-cfg 'cfg(docsrs,test)' --check-cfg 'cfg(feature, values())' -C metadata=a8b9e1a08a104307 -C extra-filename=-c1fd98d5cc9f2e3d --out-dir /private/var/folders/0v/9ml26r1x37b2fvp_f141yx6r0000gn/T/cargo-mutants-lean5-rRdLUQ.tmp/target/debug/deps -C incremental=/private/var/folders/0v/9ml26r1x37b2fvp_f141yx6r0000gn/T/cargo-mutants-lean5-rRdLUQ.tmp/target/debug/incremental -L dependency=/private/var/folders/0v/9ml26r1x37b2fvp_f141yx6r0000gn/T/cargo-mutants-lean5-rRdLUQ.tmp/target/debug/deps --extern anyhow=/private/var/folders/0v/9ml26r1x37b2fvp_f141yx6r0000gn/T/cargo-mutants-lean5-rRdLUQ.tmp/target/debug/deps/libanyhow-c8505d7fc7d2c99d.rlib --extern bincode=/private/var/folders/0v/9ml26r1x37b2fvp_f141yx6r0000gn/T/cargo-mutants-lean5-rRdLUQ.tmp/target/debug/deps/libbincode-812bb678a424da8c.rlib --extern criterion=/private/var/folders/0v/9ml26r1x37b2fvp_f141yx6r0000gn/T/cargo-mutants-lean5-rRdLUQ.tmp/target/debug/deps/libcriterion-0f3f19ca9aa28d8a.rlib --extern hashbrown=/private/var/folders/0v/9ml26r1x37b2fvp_f141yx6r0000gn/T/cargo-mutants-lean5-rRdLUQ.tmp/target/debug/deps/libhashbrown-a7764868b48ea623.rlib --extern lean5_elab=/private/var/folders/0v/9ml26r1x37b2fvp_f141yx6r0000gn/T/cargo-mutants-lean5-rRdLUQ.tmp/target/debug/deps/liblean5_elab-0fc5e986a858c11a.rlib --extern lean5_kernel=/private/var/folders/0v/9ml26r1x37b2fvp_f141yx6r0000gn/T/cargo-mutants-lean5-rRdLUQ.tmp/target/debug/deps/liblean5_kernel-308b793a9268fb2f.rlib --extern lean5_parser=/private/var/folders/0v/9ml26r1x37b2fvp_f141yx6r0000gn/T/cargo-mutants-lean5-rRdLUQ.tmp/target/debug/deps/liblean5_parser-1f7155842213c600.rlib --extern lz4_flex=/private/var/folders/0v/9ml26r1x37b2fvp_f141yx6r0000gn/T/cargo-mutants-lean5-rRdLUQ.tmp/target/debug/deps/liblz4_flex-7c7695ddfd9f0d01.rlib --extern proptest=/private/var/folders/0v/9ml26r1x37b2fvp_f141yx6r0000gn/T/cargo-mutants-lean5-rRdLUQ.tmp/target/debug/deps/libproptest-5ac553e7594109fb.rlib --extern rayon=/private/var/folders/0v/9ml26r1x37b2fvp_f141yx6r0000gn/T/cargo-mutants-lean5-rRdLUQ.tmp/target/debug/deps/librayon-d88010504804cd37.rlib --extern serde=/private/var/folders/0v/9ml26r1x37b2fvp_f141yx6r0000gn/T/cargo-mutants-lean5-rRdLUQ.tmp/target/debug/deps/libserde-61b388f84ce21321.rlib --extern serde_json=/private/var/folders/0v/9ml26r1x37b2fvp_f141yx6r0000gn/T/cargo-mutants-lean5-rRdLUQ.tmp/target/debug/deps/libserde_json-b008b67d309061be.rlib --extern tempfile=/private/var/folders/0v/9ml26r1x37b2fvp_f141yx6r0000gn/T/cargo-mutants-lean5-rRdLUQ.tmp/target/debug/deps/libtempfile-375c8e5df57018c1.rlib --extern thiserror=/private/var/folders/0v/9ml26r1x37b2fvp_f141yx6r0000gn/T/cargo-mutants-lean5-rRdLUQ.tmp/target/debug/deps/libthiserror-0e6524570d1ef696.rlib --extern zstd=/private/var/folders/0v/9ml26r1x37b2fvp_f141yx6r0000gn/T/cargo-mutants-lean5-rRdLUQ.tmp/target/debug/deps/libzstd-98dd5d8dbaafbba6.rlib -L native=/private/var/folders/0v/9ml26r1x37b2fvp_f141yx6r0000gn/T/cargo-mutants-lean5-rRdLUQ.tmp/target/debug/build/zstd-sys-a57129c45cb76101/out`
     Running `/Users/ayates/.rustup/toolchains/stable-aarch64-apple-darwin/bin/rustc --crate-name lean5_kernel --edition=2021 crates/lean5-kernel/src/lib.rs --error-format=json --json=diagnostic-rendered-ansi,artifacts,future-incompat --emit=dep-info,link -C embed-bitcode=no -C debuginfo=2 -C split-debuginfo=unpacked --test --check-cfg 'cfg(docsrs,test)' --check-cfg 'cfg(feature, values())' -C metadata=d53b4d7e5420c16d -C extra-filename=-7a119f0476c36d88 --out-dir /private/var/folders/0v/9ml26r1x37b2fvp_f141yx6r0000gn/T/cargo-mutants-lean5-rRdLUQ.tmp/target/debug/deps -C incremental=/private/var/folders/0v/9ml26r1x37b2fvp_f141yx6r0000gn/T/cargo-mutants-lean5-rRdLUQ.tmp/target/debug/incremental -L dependency=/private/var/folders/0v/9ml26r1x37b2fvp_f141yx6r0000gn/T/cargo-mutants-lean5-rRdLUQ.tmp/target/debug/deps --extern anyhow=/private/var/folders/0v/9ml26r1x37b2fvp_f141yx6r0000gn/T/cargo-mutants-lean5-rRdLUQ.tmp/target/debug/deps/libanyhow-c8505d7fc7d2c99d.rlib --extern bincode=/private/var/folders/0v/9ml26r1x37b2fvp_f141yx6r0000gn/T/cargo-mutants-lean5-rRdLUQ.tmp/target/debug/deps/libbincode-812bb678a424da8c.rlib --extern criterion=/private/var/folders/0v/9ml26r1x37b2fvp_f141yx6r0000gn/T/cargo-mutants-lean5-rRdLUQ.tmp/target/debug/deps/libcriterion-0f3f19ca9aa28d8a.rlib --extern hashbrown=/private/var/folders/0v/9ml26r1x37b2fvp_f141yx6r0000gn/T/cargo-mutants-lean5-rRdLUQ.tmp/target/debug/deps/libhashbrown-a7764868b48ea623.rlib --extern lean5_elab=/private/var/folders/0v/9ml26r1x37b2fvp_f141yx6r0000gn/T/cargo-mutants-lean5-rRdLUQ.tmp/target/debug/deps/liblean5_elab-0fc5e986a858c11a.rlib --extern lean5_parser=/private/var/folders/0v/9ml26r1x37b2fvp_f141yx6r0000gn/T/cargo-mutants-lean5-rRdLUQ.tmp/target/debug/deps/liblean5_parser-1f7155842213c600.rlib --extern lz4_flex=/private/var/folders/0v/9ml26r1x37b2fvp_f141yx6r0000gn/T/cargo-mutants-lean5-rRdLUQ.tmp/target/debug/deps/liblz4_flex-7c7695ddfd9f0d01.rlib --extern proptest=/private/var/folders/0v/9ml26r1x37b2fvp_f141yx6r0000gn/T/cargo-mutants-lean5-rRdLUQ.tmp/target/debug/deps/libproptest-5ac553e7594109fb.rlib --extern rayon=/private/var/folders/0v/9ml26r1x37b2fvp_f141yx6r0000gn/T/cargo-mutants-lean5-rRdLUQ.tmp/target/debug/deps/librayon-d88010504804cd37.rlib --extern serde=/private/var/folders/0v/9ml26r1x37b2fvp_f141yx6r0000gn/T/cargo-mutants-lean5-rRdLUQ.tmp/target/debug/deps/libserde-61b388f84ce21321.rlib --extern serde_json=/private/var/folders/0v/9ml26r1x37b2fvp_f141yx6r0000gn/T/cargo-mutants-lean5-rRdLUQ.tmp/target/debug/deps/libserde_json-b008b67d309061be.rlib --extern tempfile=/private/var/folders/0v/9ml26r1x37b2fvp_f141yx6r0000gn/T/cargo-mutants-lean5-rRdLUQ.tmp/target/debug/deps/libtempfile-375c8e5df57018c1.rlib --extern thiserror=/private/var/folders/0v/9ml26r1x37b2fvp_f141yx6r0000gn/T/cargo-mutants-lean5-rRdLUQ.tmp/target/debug/deps/libthiserror-0e6524570d1ef696.rlib --extern zstd=/private/var/folders/0v/9ml26r1x37b2fvp_f141yx6r0000gn/T/cargo-mutants-lean5-rRdLUQ.tmp/target/debug/deps/libzstd-98dd5d8dbaafbba6.rlib -L native=/private/var/folders/0v/9ml26r1x37b2fvp_f141yx6r0000gn/T/cargo-mutants-lean5-rRdLUQ.tmp/target/debug/build/zstd-sys-a57129c45cb76101/out`
    Finished `test` profile [unoptimized + debuginfo] target(s) in 1.93s
  Executable `/private/var/folders/0v/9ml26r1x37b2fvp_f141yx6r0000gn/T/cargo-mutants-lean5-rRdLUQ.tmp/target/debug/deps/lean5_kernel-7a119f0476c36d88`
  Executable `/private/var/folders/0v/9ml26r1x37b2fvp_f141yx6r0000gn/T/cargo-mutants-lean5-rRdLUQ.tmp/target/debug/deps/differential-c1fd98d5cc9f2e3d`

*** result: Success

*** /Users/ayates/.rustup/toolchains/stable-aarch64-apple-darwin/bin/cargo test --verbose --package=lean5-kernel@0.1.0
       Fresh unicode-ident v1.0.22
       Fresh cfg-if v1.0.4
       Fresh find-msvc-tools v0.1.6
       Fresh shlex v1.3.0
       Fresh once_cell v1.21.3
       Fresh pkg-config v0.3.32
       Fresh either v1.15.0
       Fresh libc v0.2.178
       Fresh version_check v0.9.5
       Fresh autocfg v1.5.0
       Fresh memchr v2.7.6
       Fresh itoa v1.0.17
       Fresh proc-macro2 v1.0.104
       Fresh jobserver v0.1.34
       Fresh serde_core v1.0.228
       Fresh crossbeam-utils v0.8.21
       Fresh getrandom v0.3.4
       Fresh zmij v1.0.3
       Fresh errno v0.3.14
       Fresh bitflags v2.10.0
       Fresh twox-hash v2.1.2
       Fresh allocator-api2 v0.2.21
       Fresh regex-syntax v0.8.8
       Fresh ciborium-io v0.2.2
       Fresh quote v1.0.42
       Fresh cc v1.2.51
       Fresh crossbeam-epoch v0.9.18
       Fresh serde_json v1.0.148
       Fresh rand_core v0.9.3
       Fresh lz4_flex v0.11.5
       Fresh plotters-backend v0.3.7
       Fresh clap_lex v0.7.6
       Fresh fastrand v2.3.0
       Fresh anstyle v1.0.13
       Fresh regex-automata v0.4.13
       Fresh wait-timeout v0.2.1
       Fresh itertools v0.10.5
       Fresh bit-vec v0.8.0
       Fresh syn v2.0.111
       Fresh crossbeam-deque v0.8.6
       Fresh num-traits v0.2.19
       Fresh rustix v1.1.3
       Fresh clap_builder v4.5.53
       Fresh plotters-svg v0.3.7
       Fresh fnv v1.0.7
       Fresh cast v0.3.0
       Fresh same-file v1.0.6
       Fresh quick-error v1.2.3
       Fresh rand v0.9.2
       Fresh bit-set v0.8.0
       Fresh rand_xorshift v0.4.0
       Fresh regex v1.12.2
       Fresh is-terminal v0.4.17
       Fresh zerocopy-derive v0.8.31
       Fresh serde_derive v1.0.228
       Fresh rayon-core v1.13.0
       Fresh thiserror-impl v1.0.69
       Fresh tempfile v3.24.0
       Fresh clap v4.5.53
       Fresh criterion-plot v0.5.0
       Fresh plotters v0.3.7
       Fresh walkdir v2.5.0
       Fresh oorandom v11.1.5
       Fresh unarray v0.1.4
       Fresh anes v0.1.6
       Fresh zerocopy v0.8.31
       Fresh serde v1.0.228
       Fresh zstd-sys v2.0.16+zstd.1.5.7
       Fresh thiserror v1.0.69
       Fresh rayon v1.11.0
       Fresh rusty-fork v0.3.1
       Fresh anyhow v1.0.100
       Fresh ahash v0.8.12
       Fresh zstd-safe v7.2.4
       Fresh bincode v1.3.3
       Fresh half v2.7.1
       Fresh ppv-lite86 v0.2.21
       Fresh lean5-parser v0.1.0 (/private/var/folders/0v/9ml26r1x37b2fvp_f141yx6r0000gn/T/cargo-mutants-lean5-rRdLUQ.tmp/crates/lean5-parser)
       Fresh tinytemplate v1.2.1
       Fresh zstd v0.13.3
       Fresh hashbrown v0.14.5
       Fresh ciborium-ll v0.2.2
       Fresh rand_chacha v0.9.0
       Fresh ciborium v0.2.2
       Fresh proptest v1.9.0
       Fresh lean5-auto v0.1.0 (/private/var/folders/0v/9ml26r1x37b2fvp_f141yx6r0000gn/T/cargo-mutants-lean5-rRdLUQ.tmp/crates/lean5-auto)
       Fresh criterion v0.5.1
       Fresh lean5-elab v0.1.0 (/private/var/folders/0v/9ml26r1x37b2fvp_f141yx6r0000gn/T/cargo-mutants-lean5-rRdLUQ.tmp/crates/lean5-elab)
       Fresh lean5-kernel v0.1.0 (/private/var/folders/0v/9ml26r1x37b2fvp_f141yx6r0000gn/T/cargo-mutants-lean5-rRdLUQ.tmp/crates/lean5-kernel)
    Finished `test` profile [unoptimized + debuginfo] target(s) in 0.07s
     Running `/private/var/folders/0v/9ml26r1x37b2fvp_f141yx6r0000gn/T/cargo-mutants-lean5-rRdLUQ.tmp/target/debug/deps/lean5_kernel-7a119f0476c36d88`

running 566 tests
test cert::tests::test_batch_verify_input_new ... ok
test cert::tests::test_archive_stats_display ... ok
test cert::tests::test_archive_cert_with_algorithm_lz4_envelope ... ok
test cert::tests::test_archive_bincode_serialization ... ok
test cert::tests::test_archive_simple_cert ... ok
test cert::tests::test_batch_verify_result_accessors ... ok
test cert::tests::test_archive_with_stats ... ok
test cert::tests::test_archive_complex_cert ... ok
test cert::tests::test_batch_verify_sequential ... ok
test cert::tests::test_batch_verify_sequential_with_stats ... ok
test cert::tests::test_archive_nested_app_chain ... ok
test cert::tests::test_archive_with_all_cert_variants ... ok
test cert::tests::test_archive_json_serialization ... ok
test cert::tests::test_batch_verify_stats_display ... ok
test cert::tests::test_batch_verify_empty ... ok
test cert::tests::test_batch_verify_single ... ok
test cert::tests::test_batch_verify_preserves_order ... ok
test cert::tests::test_batch_verify_complex_certs ... ok
test cert::tests::test_batch_verify_with_failures ... ok
test cert::tests::test_byte_compress_error_display ... ok
test cert::tests::test_cert_name_coverage ... ok
test cert::tests::test_cert_error_display ... ok
test cert::tests::test_batch_verify_multiple_success ... ok
test cert::tests::test_cert_name_returns_meaningful_values ... ok
test cert::tests::test_batch_verify_with_stats_threads ... ok
test cert::tests::test_batch_verify_parallel_vs_sequential_same_results ... ok
test cert::tests::test_batch_verify_with_stats ... ok
test cert::tests::test_batch_verify_with_stats_progress_invokes_callback ... ok
test cert::tests::test_cert_serialize_bincode ... ok
test cert::tests::test_batch_verify_with_threads ... ok
test cert::tests::test_cert_serialize_def_eq ... ok
test cert::tests::test_cert_serialize_json_complex ... ok
test cert::tests::test_cert_serialize_json_sort ... ok
test cert::tests::test_cert_serialize_with_mdata ... ok
test cert::tests::test_compress_app_certificate ... ok
test cert::tests::test_compress_complex_nested ... ok
test cert::tests::test_compress_fvar_certificate ... ok
test cert::tests::test_compress_def_eq_certificate ... ok
test cert::tests::test_compress_let_certificate ... ok
test cert::tests::test_compress_lit_certificate ... ok
test cert::tests::test_compress_mdata_certificate ... ok
test cert::tests::test_compress_nested_levels ... ok
test cert::tests::test_compress_pi_certificate ... ok
test cert::tests::test_compress_simple_sort ... ok
test cert::tests::test_compress_with_shared_types ... ok
test cert::tests::test_compress_serialization_roundtrip ... ok
test cert::tests::test_compare_lz4_vs_zstd ... ok
test cert::tests::test_compress_with_stats ... ok
test cert::tests::test_compression_algorithm_name ... ok
test cert::tests::test_compression_stats_display ... ok
test cert::tests::test_compression_deduplicates_shared_expressions ... ok
test cert::tests::test_decompress_error_display ... ok
test cert::tests::test_def_eq_beta_reduction ... ok
test cert::tests::test_def_eq_different_exprs ... ok
test cert::tests::test_def_eq_same_expr ... ok
test cert::tests::test_def_eq_step_serialize ... ok
test cert::tests::test_dict_compress_error_display ... ok
test cert::tests::test_dict_from_bytes ... ok
test cert::tests::test_dict_is_compatible_level ... ok
test cert::tests::test_dict_not_enough_samples ... ok
test cert::tests::test_dict_train_error_display ... ok
test cert::tests::test_expr_name_coverage ... ok
test cert::tests::test_expr_name_returns_meaningful_values ... ok
test cert::tests::test_identity_function_cert ... ok
test cert::tests::test_invalid_decompress_index ... ok
test cert::tests::test_level_eq_different ... ok
test cert::tests::test_level_eq_same ... ok
test cert::tests::test_lit_nat_cert ... ok
test cert::tests::test_lz4_compress_decompress ... ok
test cert::tests::test_lz4_compress_repetitive_data ... ok
test cert::tests::test_nested_bvar_in_context ... ok
test cert::tests::test_lz4_decompress_invalid_data ... ok
test cert::tests::test_pi_cert ... ok
test cert::tests::test_register_local_context ... ok
test cert::tests::test_register_local_context_conflict ... ok
test cert::tests::test_replay_and_verify_identity ... ok
test cert::tests::test_register_fvar_conflict_rejected ... ok
test cert::tests::test_replay_and_verify_sort ... ok
test cert::tests::test_replay_app ... ok
test cert::tests::test_replay_bvar ... ok
test cert::tests::test_replay_complex_nested_cert ... ok
test cert::tests::test_replay_const ... ok
test cert::tests::test_replay_def_eq ... ok
test cert::tests::test_replay_fvar ... ok
test cert::tests::test_replay_lam ... ok
test cert::tests::test_replay_lit ... ok
test cert::tests::test_replay_let ... ok
test cert::tests::test_replay_mdata ... ok
test cert::tests::test_replay_pi ... ok
test cert::tests::test_replay_roundtrip_with_serialization ... ok
test cert::tests::test_sort_cert ... ok
test cert::tests::test_replay_sort ... ok
test cert::tests::test_sort_level_mismatch ... ok
test cert::tests::test_sort_type_1 ... ok
test cert::tests::test_streaming_empty_stream ... ok
test cert::tests::test_streaming_error_display ... ok
test cert::tests::test_streaming_complex_certs ... ok
test cert::tests::test_streaming_header_invalid_magic ... ok
test cert::tests::test_streaming_header_algorithm ... ok
test cert::tests::test_streaming_header_invalid_version ... ok
test cert::tests::test_streaming_header_new_lz4 ... ok
test cert::tests::test_streaming_header_new_zstd ... ok
test cert::tests::test_streaming_invalid_reader ... ok
test cert::tests::test_streaming_non_eof_error_propagates ... ok
test cert::tests::test_streaming_file_roundtrip ... ok
test cert::tests::test_streaming_progress_callback ... ok
test cert::tests::test_streaming_stats_display ... ok
test cert::tests::test_streaming_stats_ratio ... ok
test cert::tests::test_streaming_write_read_multiple_certs ... ok
test cert::tests::test_streaming_write_read_single_cert ... ok
test cert::tests::test_structural_eq_app ... ok
test cert::tests::test_structural_eq_fvar ... ok
test cert::tests::test_structural_eq_const ... ok
test cert::tests::test_streaming_truncated_cert_errors ... ok
test cert::tests::test_structural_eq_lam ... ok
test cert::tests::test_structural_eq_let ... ok
test cert::tests::test_structural_eq_lit ... ok
test cert::tests::test_structural_eq_pi ... ok
test cert::tests::test_structural_eq_proj ... ok
test cert::tests::test_structure_mismatch ... ok
test cert::tests::test_verify_bvar_depth_calculation ... ok
test cert::tests::test_verify_bvar_depth_minus_arithmetic ... ok
test cert::tests::test_verify_bvar_invalid_index ... ok
test cert::tests::test_verify_def_eq_expected_type_mismatch ... ok
test cert::tests::test_verify_def_eq_inner_type_mismatch ... ok
test cert::tests::test_verify_fvar_id_mismatch ... ok
test cert::tests::test_verify_fvar_missing_context ... ok
test cert::tests::test_verify_fvar_type_check ... ok
test cert::tests::test_verify_mdata_type_mismatch ... ok
test cert::tests::test_whnf_const_unfold ... ok
test cert::tests::test_verify_mdata_correct_type ... ok
test cert::tests::test_whnf_app_beta ... ok
test cert::tests::test_whnf_let_zeta ... ok
test cert::tests::test_whnf_non_reducible ... ok
test cert::tests::test_zstd_archive_complex_cert ... ok
test cert::tests::test_zstd_archive_nested_app_chain ... ok
test cert::tests::test_zstd_archive_serialization ... ok
test cert::tests::test_zstd_archive_stats_display ... ok
test cert::tests::test_zstd_archive_simple_cert ... ok
test cert::tests::test_dict_mismatch_error ... ok
test cert::tests::test_zstd_archive_with_all_cert_variants ... ok
test cert::tests::test_zstd_archive_with_stats ... ok
test cert::tests::test_dict_serialization ... ok
test cert::tests::test_zstd_compress_error_display ... ok
test cert::tests::test_dict_train_and_compress ... ok
test cert::tests::test_zstd_compress_decompress ... ok
test cert::tests::test_zstd_decompress_invalid_data ... ok
test env::tests::test_add_inductive_ctor_name_in_constants_only ... ok
test cert::tests::test_zstd_compress_repetitive_data ... ok
test cert::tests::test_compare_dict_vs_no_dict_compression ... ok
test cert::tests::test_dict_with_stats ... ok
test env::tests::test_add_inductive_duplicate ... ok
test env::tests::test_add_inductive_list ... ok
test env::tests::test_add_inductive_logic_operators ... ok
test env::tests::test_add_inductive_name_in_constants_only ... ok
test env::tests::test_add_inductive_nat ... ok
test env::tests::test_add_inductive_prop ... ok
test env::tests::test_add_inductive_nat_not_reflexive ... ok
test env::tests::test_add_inductive_reflexive ... ok
test env::tests::test_environment_bincode_serialization ... ok
test env::tests::test_environment_json_serialization ... ok
test env::tests::test_environment_roundtrip ... ok
test env::tests::test_init_quot ... ok
test env::tests::test_init_quot_idempotent ... ok
test env::tests::test_instantiate_type_empty_levels_nonempty_params ... ok
test cert::tests::test_dict_compress_complex_cert ... ok
test env::tests::test_instantiate_type_logic ... ok
test env::tests::test_instantiate_type_nonempty_levels_empty_params ... ok
test cert::tests::test_dict_raw_bytes_compress ... ok
test env::tests::test_instantiate_type_polymorphic_with_empty_levels ... ok
test env::tests::test_iterators_return_values ... ok
test env::tests::test_num_constants_actual_count ... ok
test env::tests::test_quot_kinds ... ok
test env::tests::test_num_inductives_actual_count ... ok
test env::tests::test_quot_serialization_bincode ... ok
test env::tests::test_quotients_iterator ... ok
test env::tests::test_register_structure_fields_invalid_count ... ok
test env::tests::test_register_structure_fields ... ok
test env::tests::test_quot_serialization_json ... ok
test cert::tests::test_dict_with_level ... ok
test env::tests::test_to_json_pretty_actual_content ... ok
test env::tests::test_unfold_empty_levels_nonempty_params ... ok
test cert::tests::test_dict_archive_serialization ... ok
test env::tests::test_unfold_logic ... ok
test env::tests::test_unfold_nonempty_levels_empty_params ... ok
test env::tests::test_unfold_polymorphic_with_empty_levels ... ok
test expr::tests::test_abstract_fvar ... ok
test env::tests::test_save_load_file_roundtrip ... ok
test env::tests::test_with_quot ... ok
test expr::tests::test_abstract_fvar_at_arithmetic ... ok
test expr::tests::test_abstract_fvar_at_plus_vs_other ... ok
test expr::tests::test_abstract_fvar_bvar_shift ... ok
test expr::tests::test_abstract_fvar_nested_depth_plus_one ... ok
test expr::tests::test_has_loose_bvar_in_range_logic ... ok
test expr::tests::test_has_loose_bvar_nested_binders_arithmetic ... ok
test cert::tests::test_dict_raw_bytes_with_level ... ok
test expr::tests::test_has_loose_bvar_nested_depth_arithmetic ... ok
test expr::tests::test_has_loose_bvar_or_vs_and ... ok
test expr::tests::test_has_loose_bvar_range_plus_arithmetic ... ok
test expr::tests::test_has_loose_bvars ... ok
test expr::tests::test_inst_lift_identity ... ok
test expr::tests::test_instantiate ... ok
test expr::tests::test_instantiate_arithmetic ... ok
test expr::tests::test_instantiate_at_boundary_conditions ... ok
test expr::tests::test_instantiate_at_greater_than ... ok
test expr::tests::test_instantiate_at_gt_vs_gte ... ok
test expr::tests::test_instantiate_at_let_body_depth ... ok
test expr::tests::test_is_prop_predicate ... ok
test expr::tests::test_is_sort_predicates ... ok
test expr::tests::test_lift_at_arithmetic ... ok
test expr::tests::test_lift_at_binder_depth_increment ... ok
test expr::tests::test_lift_at_let_body_start ... ok
test expr::tests::test_lift_at_pi_body_start ... ok
test expr::tests::test_lift_at_plus_vs_times ... ok
test expr::tests::test_lift_bvar ... ok
test expr::tests::test_lift_inst_commutation_hi ... ok
test expr::tests::test_lift_inst_commutation_lo ... ok
test expr::tests::test_mdata_basic ... ok
test expr::tests::test_mdata_has_loose_bvars ... ok
test expr::tests::test_mdata_instantiate ... ok
test expr::tests::test_mdata_level_params ... ok
test expr::tests::test_mdata_lift ... ok
test expr::tests::test_mdata_strip ... ok
test inductive::tests::test_allows_large_elim ... ok
test inductive::tests::test_allows_large_elim_prop_multiple_constructors ... ok
test inductive::tests::test_count_pi_args ... ok
test inductive::tests::test_get_return_type ... ok
test inductive::tests::test_is_recursive ... ok
test inductive::tests::test_is_reflexive_list ... ok
test inductive::tests::test_is_reflexive_nat ... ok
test inductive::tests::test_is_reflexive_nested_function ... ok
test inductive::tests::test_is_reflexive_w_type ... ok
test inductive::tests::test_mentions_name ... ok
test inductive::tests::test_mentions_name_logic_operators ... ok
test inductive::tests::test_positivity_arrow ... ok
test inductive::tests::test_positivity_negative ... ok
test inductive::tests::test_positivity_nested_positive ... ok
test inductive::tests::test_positivity_simple ... ok
test inductive::tests::test_strip_pi_arithmetic_precise ... ok
test inductive::tests::test_strip_pi_comparison_and_arithmetic ... ok
test inductive::tests::test_validate_inductive_match_guard ... ok
test inductive::tests::test_validate_inductive_nat ... ok
test inductive::tests::test_validate_inductive_negative ... ok
test lean4_compat::tests::de_bruijn::lean4_abstract_fvar ... ok
test lean4_compat::tests::de_bruijn::lean4_has_loose_bvars ... ok
test lean4_compat::tests::de_bruijn::lean4_instantiate_basic ... ok
test lean4_compat::tests::de_bruijn::lean4_instantiate_nested ... ok
test lean4_compat::tests::de_bruijn::lean4_lift_basic ... ok
test lean4_compat::tests::definitional_equality::lean4_def_eq_beta ... ok
test lean4_compat::tests::definitional_equality::lean4_def_eq_delta ... ok
test lean4_compat::tests::definitional_equality::lean4_def_eq_level ... ok
test lean4_compat::tests::definitional_equality::lean4_def_eq_reflexive ... ok
test lean4_compat::tests::definitional_equality::lean4_def_eq_structural_app ... ok
test lean4_compat::tests::definitional_equality::lean4_def_eq_transitive ... ok
test lean4_compat::tests::definitional_equality::lean4_def_eq_zeta ... ok
test lean4_compat::tests::edge_cases::lean4_application_chain ... ok
test lean4_compat::tests::edge_cases::lean4_mixed_binders ... ok
test lean4_compat::tests::expression_typing::lean4_app_type ... ok
test lean4_compat::tests::expression_typing::lean4_const_type_instantiation ... ok
test lean4_compat::tests::expression_typing::lean4_lambda_has_pi_type ... ok
test lean4_compat::tests::edge_cases::lean4_deeply_nested_lambda ... ok
test lean4_compat::tests::expression_typing::lean4_let_type ... ok
test lean4_compat::tests::expression_typing::lean4_pi_type_imax ... ok
test lean4_compat::tests::expression_typing::lean4_pi_type_into_type ... ok
test lean4_compat::tests::expression_typing::lean4_sort_has_sort_type ... ok
test lean4_compat::tests::inductive_types::lean4_false_inductive ... ok
test lean4_compat::tests::inductive_types::lean4_list_inductive ... ok
test lean4_compat::tests::inductive_types::lean4_nat_inductive ... ok
test lean4_compat::tests::inductive_types::lean4_positivity_rejection ... ok
test lean4_compat::tests::inductive_types::lean4_nested_positive_allowed ... ok
test lean4_compat::tests::lean4lean_cross_validation::bug_has_loose_bvars_conservative ... ok
test lean4_compat::tests::lean4lean_cross_validation::expr_bvar_lift ... ok
test lean4_compat::tests::lean4lean_cross_validation::expr_closed_no_loose_bvars ... ok
test lean4_compat::tests::lean4lean_cross_validation::expr_instantiate_lift_cancel ... ok
test lean4_compat::tests::lean4lean_cross_validation::expr_lift_lift_compose ... ok
test lean4_compat::tests::lean4lean_cross_validation::expr_lift_zero_identity ... ok
test lean4_compat::tests::lean4lean_cross_validation::expr_open_has_loose_bvars ... ok
test lean4_compat::tests::lean4lean_cross_validation::level_imax_congr ... ok
test lean4_compat::tests::lean4lean_cross_validation::level_is_never_zero ... ok
test lean4_compat::tests::lean4lean_cross_validation::level_le_max_left ... ok
test lean4_compat::tests::lean4lean_cross_validation::level_le_max_right ... ok
test lean4_compat::tests::lean4lean_cross_validation::level_le_refl ... ok
test lean4_compat::tests::lean4lean_cross_validation::level_le_trans ... ok
test lean4_compat::tests::lean4lean_cross_validation::level_max_congr ... ok
test lean4_compat::tests::lean4lean_cross_validation::level_succ_congr ... ok
test lean4_compat::tests::lean4lean_cross_validation::level_zero_imax ... ok
test lean4_compat::tests::lean4lean_cross_validation::level_zero_le ... ok
test lean4_compat::tests::lean4lean_cross_validation::tc_beta_preservation ... ok
test lean4_compat::tests::lean4lean_cross_validation::tc_delta_reduction ... ok
test lean4_compat::tests::lean4lean_cross_validation::tc_infer_type_app ... ok
test lean4_compat::tests::lean4lean_cross_validation::tc_infer_type_lambda ... ok
test lean4_compat::tests::lean4lean_cross_validation::tc_infer_type_pi ... ok
test lean4_compat::tests::lean4lean_cross_validation::tc_infer_type_sort ... ok
test lean4_compat::tests::lean4lean_cross_validation::tc_is_def_eq_refl ... ok
test lean4_compat::tests::lean4lean_cross_validation::tc_is_def_eq_symm ... ok
test lean4_compat::tests::lean4lean_cross_validation::tc_is_def_eq_trans ... ok
test lean4_compat::tests::lean4lean_cross_validation::tc_whnf_idempotent ... ok
test lean4_compat::tests::lean4lean_cross_validation::tc_whnf_preserves_def_eq ... ok
test lean4_compat::tests::lean4lean_cross_validation::tc_zeta_reduction ... ok
test lean4_compat::tests::lean4lean_cross_validation::theory_prop_impredicativity ... ok
test lean4_compat::tests::lean4lean_cross_validation::theory_sort_hierarchy ... ok
test lean4_compat::tests::lean4lean_cross_validation::theory_type_predicativity ... ok
test lean4_compat::tests::lean4lean_divergences::divergence_constant_value_level_params ... ok
test lean4_compat::tests::lean4lean_divergences::divergence_ensure_sort_before_context_extension ... ok
test lean4_compat::tests::lean4lean_divergences::divergence_let_expression_type ... ok
test lean4_compat::tests::lean4lean_divergences::divergence_level_normalization_completeness ... ok
test lean4_compat::tests::lean4lean_divergences::divergence_literal_type_checking ... ok
test lean4_compat::tests::literals::lean4_nat_literal_type ... ok
test lean4_compat::tests::literals::lean4_string_literal_type ... ok
test cert::tests::test_streaming_compression_levels ... ok
test cert::tests::test_archive_cert_with_algorithm_zstd_envelope ... ok
test cert::tests::test_zstd_compress_level ... ok
test lean4_compat::tests::proptest_kernel::prop_app_has_instantiated_type ... ok
test lean4_compat::tests::proptest_kernel::prop_lambda_has_pi_type ... ok
test lean4_compat::tests::proptest_kernel::prop_beta_preserves_type ... ok
test lean4_compat::tests::proptest_kernel::prop_closed_expr_no_loose_bvars ... ok
test lean4_compat::tests::proptest_kernel::prop_def_eq_reflexive ... ok
test lean4_compat::tests::proptest_kernel::prop_infer_type_deterministic ... ok
test lean4_compat::tests::proptest_kernel::prop_let_reduction ... ok
test lean4_compat::tests::proptest_kernel::prop_level_max_commutative_concrete ... ok
test lean4_compat::tests::proptest_kernel::prop_level_max_associative_concrete ... ok
test lean4_compat::tests::proptest_kernel::prop_def_eq_symmetric ... ok
test lean4_compat::tests::proptest_kernel::prop_level_def_eq_reflexive ... ok
test lean4_compat::tests::proptest_kernel::prop_lift_composition ... ok
test lean4_compat::tests::proptest_kernel::prop_level_succ_max_dist_concrete ... ok
test lean4_compat::tests::proptest_kernel::prop_def_eq_transitive ... ok
test lean4_compat::tests::proptest_kernel::prop_level_geq_reflexive ... ok
test lean4_compat::tests::proptest_kernel::prop_level_imax_zero_right ... ok
test lean4_compat::tests::type_errors::lean4_expected_sort ... ok
test lean4_compat::tests::type_errors::lean4_not_a_function ... ok
test lean4_compat::tests::type_errors::lean4_type_mismatch ... ok
test lean4_compat::tests::type_errors::lean4_unknown_const ... ok
test lean4_compat::tests::universe_levels::lean4_imax_with_succ_is_max ... ok
test lean4_compat::tests::universe_levels::lean4_imax_with_zero_is_zero ... ok
test lean4_compat::tests::universe_levels::lean4_level_def_eq_normalization ... ok
test lean4_compat::tests::universe_levels::lean4_level_geq_transitivity ... ok
test lean4_compat::tests::universe_levels::lean4_level_max_symmetric ... ok
test lean4_compat::tests::universe_levels::lean4_level_param_substitution ... ok
test lean4_compat::tests::universe_levels::lean4_level_succ_chain ... ok
test lean4_compat::tests::universe_levels::lean4_level_zero_is_prop ... ok
test lean4_compat::tests::universe_levels::lean4_type_is_sort_one ... ok
test lean4_compat::tests::whnf_reduction::lean4_whnf_beta ... ok
test lean4_compat::tests::whnf_reduction::lean4_whnf_delta ... ok
test lean4_compat::tests::whnf_reduction::lean4_whnf_irreducible_stops ... ok
test lean4_compat::tests::whnf_reduction::lean4_whnf_nested_beta ... ok
test lean4_compat::tests::whnf_reduction::lean4_whnf_zeta ... ok
test level::tests::test_add_offset ... ok
test level::tests::test_collect_params ... ok
test level::tests::test_display_count_increment ... ok
test level::tests::test_equiv_congr_left ... ok
test level::tests::test_equiv_congr_right ... ok
test level::tests::test_get_offset ... ok
test level::tests::test_has_params_predicate ... ok
test level::tests::test_imax_simplification ... ok
test level::tests::test_inst_id ... ok
test level::tests::test_inst_map_id ... ok
test level::tests::test_is_geq ... ok
test level::tests::test_is_geq_comparison_operators ... ok
test level::tests::test_is_geq_max_logic ... ok
test level::tests::test_is_geq_max_requires_both_and ... ok
test level::tests::test_is_geq_offset_positive_check ... ok
test level::tests::test_is_nonzero ... ok
test lean4_compat::tests::proptest_kernel::prop_level_def_eq_symmetric ... ok
test level::tests::test_is_zero ... ok
test level::tests::test_is_zero_logic ... ok
test level::tests::test_leq_uses_is_geq ... ok
test level::tests::test_max_simplification ... ok
test level::tests::test_normalize ... ok
test level::tests::test_substitute ... ok
test micro::tests::test_cross_validate_identity_verification ... ok
test micro::tests::test_cross_validate_sort_verification ... ok
test micro::tests::test_def_eq_beta ... ok
test micro::tests::test_def_eq_under_binder ... ok
test micro::tests::test_get_offset_direct ... ok
test micro::tests::test_get_offset_nested_succ ... ok
test micro::tests::test_imax_creates_imax_node ... ok
test micro::tests::test_imax_eq_vs_ne ... ok
test micro::tests::test_imax_equal ... ok
test micro::tests::test_imax_equality_check ... ok
test micro::tests::test_imax_zero_left ... ok
test micro::tests::test_imax_zero_left_returns_right ... ok
test micro::tests::test_imax_zero_right ... ok
test micro::tests::test_instantiate_higher_index ... ok
test micro::tests::test_instantiate_simple ... ok
test micro::tests::test_instantiate_under_binder ... ok
test micro::tests::test_is_geq_comparison_operators ... ok
test micro::tests::test_is_geq_equal_levels ... ok
test micro::tests::test_is_geq_max_left ... ok
test micro::tests::test_is_geq_offset_check ... ok
test micro::tests::test_is_geq_max_right ... ok
test lean4_compat::tests::proptest_kernel::prop_lift_zero_identity ... ok
test micro::tests::test_is_geq_offset_gt_zero ... ok
test micro::tests::test_is_geq_offset_with_different_bases ... ok
test micro::tests::test_is_geq_zero_comparison ... ok
test micro::tests::test_is_geq_same_base ... ok
test micro::tests::test_level_eq ... ok
test lean4_compat::tests::proptest_kernel::prop_pi_has_sort_type ... ok
test micro::tests::test_lift_bvar ... ok
test micro::tests::test_lift_bvar_at_cutoff ... ok
test micro::tests::test_lift_cutoff_plus_one_in_binders ... ok
test micro::tests::test_lift_lambda ... ok
test micro::tests::test_lift_let_body_increment ... ok
test micro::tests::test_lift_multiple_amounts ... ok
test micro::tests::test_lift_pi_body_increment ... ok
test micro::tests::test_lift_plus_vs_times ... ok
test micro::tests::test_micro_error_display ... ok
test micro::tests::test_micro_level_max_zero_checks ... ok
test micro::tests::test_micro_subst_let_body_depth ... ok
test micro::tests::test_structural_eq_app ... ok
test micro::tests::test_structural_eq_let ... ok
test micro::tests::test_structural_eq_opaque ... ok
test micro::tests::test_structural_eq_pi ... ok
test micro::tests::test_subst_below_depth ... ok
test micro::tests::test_subst_body_depth_increment ... ok
test micro::tests::test_subst_boundary_condition ... ok
test micro::tests::test_subst_depth_plus_one_in_binders ... ok
test micro::tests::test_subst_exact_match ... ok
test micro::tests::test_subst_greater_than_vs_geq ... ok
test micro::tests::test_subst_gt_not_gte ... ok
test micro::tests::test_subst_plus_vs_minus ... ok
test micro::tests::test_translate_error_display ... ok
test micro::tests::test_translate_expr_app ... ok
test micro::tests::test_translate_expr_bvar ... ok
test micro::tests::test_translate_expr_const_fails ... ok
test micro::tests::test_translate_expr_lam ... ok
test micro::tests::test_translate_expr_sort ... ok
test micro::tests::test_translate_expr_pi ... ok
test micro::tests::test_translate_level_max ... ok
test micro::tests::test_translate_level_param_fails ... ok
test micro::tests::test_translate_level_succ ... ok
test micro::tests::test_translate_level_zero ... ok
test lean4_compat::tests::proptest_kernel::prop_level_max_zero_left_identity ... ok
test micro::tests::test_verify_app ... ok
test micro::tests::test_verify_identity ... ok
test micro::tests::test_verify_let ... ok
test micro::tests::test_verify_nested_lambda ... ok
test micro::tests::test_verify_opaque_matching_type ... ok
test micro::tests::test_verify_opaque_mismatching_type ... ok
test micro::tests::test_verify_pi ... ok
test micro::tests::test_verify_sort ... ok
test micro::tests::test_verify_sort_level_mismatch ... ok
test micro::tests::test_verify_structure_mismatch ... ok
test micro::tests::test_verify_type_mismatch_in_app ... ok
test micro::tests::test_whnf_nested_beta ... ok
test micro::tests::test_whnf_beta ... ok
test micro::tests::test_whnf_sort ... ok
test micro::tests::test_whnf_zeta ... ok
test quot::tests::test_get_quot_kind ... ok
test name::tests::test_name_from_str ... ok
test quot::tests::test_init_quot_vals ... ok
test quot::tests::test_is_quot_name ... ok
test quot::tests::test_quot_lift_reduction_args_boundary ... ok
test quot::tests::test_quot_lift_reduction_insufficient_args ... ok
test quot::tests::test_quot_lift_reduction_major_args_boundary ... ok
test quot::tests::test_quot_lift_reduction_not_lift ... ok
test quot::tests::test_quot_lift_reduction_success ... ok
test quot::tests::test_quot_mk_type_structure ... ok
test quot::tests::test_quot_names ... ok
test quot::tests::test_quot_type_structure ... ok
test tc::tests::test_abstract_fvar_explicit_binder_depths ... ok
test tc::tests::test_abstract_fvar_let_depth_increment ... ok
test tc::tests::test_certified_app ... ok
test tc::tests::test_abstract_fvar_nested_binders ... ok
test tc::tests::test_certified_const ... ok
test tc::tests::test_certified_fvar_requires_verifier_context ... ok
test tc::tests::test_certified_lambda ... ok
test tc::tests::test_certified_let ... ok
test tc::tests::test_certified_pi ... ok
test tc::tests::test_certified_sort ... ok
test tc::tests::test_certified_lit ... ok
test tc::tests::test_certified_nested_lambda ... ok
test tc::tests::test_certified_type_mismatch ... ok
test tc::tests::test_check_type_error ... ok
test tc::tests::test_check_type_ok ... ok
test tc::tests::test_convert_fvar_cert_depth_arithmetic ... ok
test tc::tests::test_convert_fvar_cert_let_depth_arithmetic ... ok
test tc::tests::test_convert_fvar_cert_pi_body_depth ... ok
test tc::tests::test_convert_fvar_cert_to_bvar_multiple_fvars ... ok
test tc::tests::test_def_eq_beta ... ok
test tc::tests::test_def_eq_levels ... ok
test tc::tests::test_environment_duplicate ... ok
test tc::tests::test_eta_expansion_basic ... ok
test tc::tests::test_eta_expansion_nested ... ok
test tc::tests::test_eta_no_expansion_different_body ... ok
test tc::tests::test_eta_with_type_mismatch ... ok
test tc::tests::test_fvar_type_inference ... ok
test tc::tests::test_infer_app_simple ... ok
test tc::tests::test_infer_app_universe_poly ... ok
test tc::tests::test_infer_lambda ... ok
test tc::tests::test_infer_let ... ok
test tc::tests::test_infer_pi ... ok
test tc::tests::test_infer_sort ... ok
test tc::tests::test_infer_sort_fails_on_non_sort ... ok
test tc::tests::test_infer_sort_extracts_level ... ok
test tc::tests::test_infer_type_app_requires_pi ... ok
test tc::tests::test_iota_reduction_arithmetic ... ok
test tc::tests::test_is_def_eq_app_requires_both_parts ... ok
test tc::tests::test_iota_reduction_constructor_index ... ok
test tc::tests::test_iota_reduction_indexed_inductive ... ok
test tc::tests::test_iota_reduction_constructor_index_match ... ok
test tc::tests::test_is_def_eq_let_semantics ... ok
test tc::tests::test_iota_reduction_param_vs_index ... ok
test tc::tests::test_is_def_eq_literals ... ok
test tc::tests::test_is_type_in_prop_sort_branch ... ok
test tc::tests::test_is_type_in_prop_sort_match ... ok
test tc::tests::test_is_def_eq_structural_branches ... ok
test tc::tests::test_is_type_in_prop_sort_universe_check ... ok
test tc::tests::test_lift_expr_arithmetic ... ok
test tc::tests::test_lift_expr_bvar_arithmetic ... ok
test tc::tests::test_lift_expr_cutoff_plus_one ... ok
test tc::tests::test_lift_expr_let_body_depth ... ok
test tc::tests::test_lift_expr_lambda_body_depth ... ok
test tc::tests::test_lift_expr_nested_cutoff_increments ... ok
test tc::tests::test_lift_expr_pi_let_cutoff_increment ... ok
test tc::tests::test_literal_types ... ok
test tc::tests::test_lift_expr_pi_body_depth ... ok
test tc::tests::test_local_context_fvarid_increment ... ok
test tc::tests::test_local_context_len_and_empty ... ok
test tc::tests::test_local_context_let_binding ... ok
test tc::tests::test_local_context_mut_allows_modification ... ok
test tc::tests::test_local_context_push_with_id_updates_next_id ... ok
test tc::tests::test_local_context_push_let_id_positive ... ok
test tc::tests::test_local_context_returns_valid_reference ... ok
test tc::tests::test_micro_cross_validation_pi ... ok
test tc::tests::test_micro_cross_validation_skip_const ... ok
test tc::tests::test_micro_cross_validation_sort ... ok
test tc::tests::test_micro_cross_validation_lambda ... ok
test tc::tests::test_no_proof_irrelevance_for_types ... ok
test tc::tests::test_nested_lambda ... ok
test tc::tests::test_proj_type_inference_index_out_of_bounds ... ok
test tc::tests::test_proof_irrel_requires_both_in_prop ... ok
test tc::tests::test_proj_type_inference_not_unique_constructor ... ok
test tc::tests::test_proof_irrelevance_different_props ... ok
test tc::tests::test_proof_irrelevance_requires_both_conditions ... ok
test tc::tests::test_proof_irrelevance_same_prop ... ok
test tc::tests::test_proj_type_inference_no_params ... ok
test tc::tests::test_quot_init ... ok
test tc::tests::test_quot_lift_reduction ... ok
test tc::tests::test_try_infer_type_quick_fvar_branch ... ok
test tc::tests::test_reduce_proj_index_boundary ... ok
test tc::tests::test_proj_type_inference ... FAILED
test tc::tests::test_quot_lift_no_reduction_without_mk ... ok
test tc::tests::test_try_infer_type_quick_fvar_match ... ok
test tc::tests::test_reduce_proj_index_comparison ... ok
test tc::tests::test_try_infer_type_quick_sort_branch ... ok
test tc::tests::test_try_infer_type_quick_sort_match ... ok
test tc::tests::test_try_iota_reduction_field_boundary ... ok
test tc::tests::test_try_iota_reduction_args_before_major ... ok
test tc::tests::test_type_checking_nested_let ... ok
test tc::tests::test_try_proof_irrel_eq_both_in_prop ... ok
test tc::tests::test_whnf_beta ... ok
test tc::tests::test_whnf_delta ... ok
test tc::tests::test_whnf_let ... ok
test tc::tests::test_whnf_iota_simple ... ok
test tc::tests::test_whnf_proj ... ok
test lean4_compat::tests::proptest_kernel::prop_level_max_zero_right_identity ... ok
test lean4_compat::tests::proptest_kernel::prop_level_succ_geq ... ok
test lean4_compat::tests::proptest_kernel::prop_whnf_idempotent ... ok
test lean4_compat::tests::proptest_kernel::prop_whnf_is_terminal ... ok
test lean4_compat::tests::proptest_kernel::prop_sort_has_sort_type ... ok
test lean4_compat::tests::proptest_kernel::prop_deep_whnf_idempotent ... ok
test lean4_compat::tests::proptest_kernel::prop_type_of_type_is_sort ... ok
test lean4_compat::tests::proptest_kernel::prop_type_inference_stable ... ok
test cert::tests::test_archive_cert_with_algorithm_stats_dispatch ... ok
test cert::tests::test_zstd_archive_with_level ... ok
test lean4_compat::tests::proptest_kernel::prop_nested_binders_type_check ... ok

failures:

---- tc::tests::test_proj_type_inference stdout ----

thread 'tc::tests::test_proj_type_inference' (84484780) panicked at crates/lean5-kernel/src/tc.rs:1890:9:
assertion `left == right` failed
  left: Sort(Succ(Zero))
 right: Const(Str(Anon, "Nat"), [])
note: run with `RUST_BACKTRACE=1` environment variable to display a backtrace


failures:
    tc::tests::test_proj_type_inference

test result: FAILED. 565 passed; 1 failed; 0 ignored; 0 measured; 0 filtered out; finished in 0.14s

error: test failed, to rerun pass `-p lean5-kernel --lib`

*** result: Failure(101)
